Traceback (most recent call last):
  File "C:\Users\Fujitsu\AppData\Local\Programs\Python\Python312\Lib\site-packages\jupyter_core\utils\__init__.py", line 154, in wrapped
    asyncio.get_running_loop()
RuntimeError: no running event loop

During handling of the above exception, another exception occurred:

Traceback (most recent call last):
  File "C:\Users\Fujitsu\AppData\Local\Programs\Python\Python312\Lib\site-packages\jupyter_cache\executors\utils.py", line 58, in single_nb_execution
    executenb(
  File "C:\Users\Fujitsu\AppData\Local\Programs\Python\Python312\Lib\site-packages\nbclient\client.py", line 1319, in execute
    return NotebookClient(nb=nb, resources=resources, km=km, **kwargs).execute()
           ^^^^^^^^^^^^^^^^^^^^^^^^^^^^^^^^^^^^^^^^^^^^^^^^^^^^^^^^^^^^^^^^^^^^^
  File "C:\Users\Fujitsu\AppData\Local\Programs\Python\Python312\Lib\site-packages\jupyter_core\utils\__init__.py", line 158, in wrapped
    return loop.run_until_complete(inner)
           ^^^^^^^^^^^^^^^^^^^^^^^^^^^^^^
  File "C:\Users\Fujitsu\AppData\Local\Programs\Python\Python312\Lib\asyncio\base_events.py", line 687, in run_until_complete
    return future.result()
           ^^^^^^^^^^^^^^^
  File "C:\Users\Fujitsu\AppData\Local\Programs\Python\Python312\Lib\site-packages\nbclient\client.py", line 709, in async_execute
    await self.async_execute_cell(
  File "C:\Users\Fujitsu\AppData\Local\Programs\Python\Python312\Lib\site-packages\nbclient\client.py", line 1062, in async_execute_cell
    await self._check_raise_for_error(cell, cell_index, exec_reply)
  File "C:\Users\Fujitsu\AppData\Local\Programs\Python\Python312\Lib\site-packages\nbclient\client.py", line 918, in _check_raise_for_error
    raise CellExecutionError.from_cell_and_msg(cell, exec_reply_content)
nbclient.exceptions.CellExecutionError: An error occurred while executing the following cell:
------------------
# Install required packages
%pip install seaborn

# Import library yang diperlukan
import pandas as pd
import numpy as np
import matplotlib.pyplot as plt
import seaborn as sns
import warnings
warnings.filterwarnings('ignore')

# Import PyCaret untuk EDA dan classification
try:
    from pycaret.datasets import get_data
    from pycaret.classification import *
    from pycaret.anomaly import *
    print("PyCaret berhasil diimport")
except ImportError:
    print("PyCaret tidak tersedia. Install dengan: pip install pycaret")

# Atur style untuk visualisasi
plt.style.use('default')
sns.set_palette("husl")

print("Library berhasil diimport")
------------------

----- stdout -----
Requirement already satisfied: seaborn in c:\users\fujitsu\appdata\local\programs\python\python312\lib\site-packages (0.13.2)
Requirement already satisfied: numpy!=1.24.0,>=1.20 in c:\users\fujitsu\appdata\local\programs\python\python312\lib\site-packages (from seaborn) (1.26.4)
Requirement already satisfied: pandas>=1.2 in c:\users\fujitsu\appdata\local\programs\python\python312\lib\site-packages (from seaborn) (2.1.4)
Requirement already satisfied: matplotlib!=3.6.1,>=3.4 in c:\users\fujitsu\appdata\local\programs\python\python312\lib\site-packages (from seaborn) (3.7.5)
Requirement already satisfied: contourpy>=1.0.1 in c:\users\fujitsu\appdata\local\programs\python\python312\lib\site-packages (from matplotlib!=3.6.1,>=3.4->seaborn) (1.2.1)
Requirement already satisfied: cycler>=0.10 in c:\users\fujitsu\appdata\local\programs\python\python312\lib\site-packages (from matplotlib!=3.6.1,>=3.4->seaborn) (0.12.1)
Requirement already satisfied: fonttools>=4.22.0 in c:\users\fujitsu\appdata\local\programs\python\python312\lib\site-packages (from matplotlib!=3.6.1,>=3.4->seaborn) (4.53.0)
Requirement already satisfied: kiwisolver>=1.0.1 in c:\users\fujitsu\appdata\local\programs\python\python312\lib\site-packages (from matplotlib!=3.6.1,>=3.4->seaborn) (1.4.5)
Requirement already satisfied: packaging>=20.0 in c:\users\fujitsu\appdata\local\programs\python\python312\lib\site-packages (from matplotlib!=3.6.1,>=3.4->seaborn) (24.1)
Requirement already satisfied: pillow>=6.2.0 in c:\users\fujitsu\appdata\local\programs\python\python312\lib\site-packages (from matplotlib!=3.6.1,>=3.4->seaborn) (10.3.0)
Requirement already satisfied: pyparsing>=2.3.1 in c:\users\fujitsu\appdata\local\programs\python\python312\lib\site-packages (from matplotlib!=3.6.1,>=3.4->seaborn) (3.1.2)
Requirement already satisfied: python-dateutil>=2.7 in c:\users\fujitsu\appdata\local\programs\python\python312\lib\site-packages (from matplotlib!=3.6.1,>=3.4->seaborn) (2.9.0.post0)
Requirement already satisfied: pytz>=2020.1 in c:\users\fujitsu\appdata\local\programs\python\python312\lib\site-packages (from pandas>=1.2->seaborn) (2025.1)
Requirement already satisfied: tzdata>=2022.1 in c:\users\fujitsu\appdata\local\programs\python\python312\lib\site-packages (from pandas>=1.2->seaborn) (2025.1)
Requirement already satisfied: six>=1.5 in c:\users\fujitsu\appdata\local\programs\python\python312\lib\site-packages (from python-dateutil>=2.7->matplotlib!=3.6.1,>=3.4->seaborn) (1.16.0)
Note: you may need to restart the kernel to use updated packages.
------------------

[31m---------------------------------------------------------------------------[39m
[31mRuntimeError[39m                              Traceback (most recent call last)
[36mCell[39m[36m [39m[32mIn[1][39m[32m, line 14[39m
[32m     12[39m [38;5;66;03m# Import PyCaret untuk EDA dan classification[39;00m
[32m     13[39m [38;5;28;01mtry[39;00m:
[32m---> [39m[32m14[39m     [38;5;28;01mfrom[39;00m[38;5;250m [39m[34;01mpycaret[39;00m[34;01m.[39;00m[34;01mdatasets[39;00m[38;5;250m [39m[38;5;28;01mimport[39;00m get_data
[32m     15[39m     [38;5;28;01mfrom[39;00m[38;5;250m [39m[34;01mpycaret[39;00m[34;01m.[39;00m[34;01mclassification[39;00m[38;5;250m [39m[38;5;28;01mimport[39;00m *
[32m     16[39m     [38;5;28;01mfrom[39;00m[38;5;250m [39m[34;01mpycaret[39;00m[34;01m.[39;00m[34;01manomaly[39;00m[38;5;250m [39m[38;5;28;01mimport[39;00m *

[36mFile [39m[32m~\AppData\Local\Programs\Python\Python312\Lib\site-packages\pycaret\__init__.py:22[39m
[32m     16[39m     [38;5;28;01mraise[39;00m [38;5;167;01mRuntimeError[39;00m(
[32m     17[39m         [33m"[39m[33mPycaret only supports python 3.9, 3.10, 3.11. Your actual Python version: [39m[33m"[39m,
[32m     18[39m         sys.version_info,
[32m     19[39m         [33m"[39m[33mPlease UPGRADE your Python version.[39m[33m"[39m,
[32m     20[39m     )
[32m     21[39m [38;5;28;01melif[39;00m sys.version_info >= ([32m3[39m, [32m12[39m):
[32m---> [39m[32m22[39m     [38;5;28;01mraise[39;00m [38;5;167;01mRuntimeError[39;00m(
[32m     23[39m         [33m"[39m[33mPycaret only supports python 3.9, 3.10, 3.11. Your actual Python version: [39m[33m"[39m,
[32m     24[39m         sys.version_info,
[32m     25[39m         [33m"[39m[33mPlease DOWNGRADE your Python version.[39m[33m"[39m,
[32m     26[39m     )

[31mRuntimeError[39m: ('Pycaret only supports python 3.9, 3.10, 3.11. Your actual Python version: ', sys.version_info(major=3, minor=12, micro=4, releaselevel='final', serial=0), 'Please DOWNGRADE your Python version.')

